{"numTotalTestSuites":22,"numPassedTestSuites":15,"numFailedTestSuites":7,"numPendingTestSuites":0,"numTotalTests":54,"numPassedTests":51,"numFailedTests":3,"numPendingTests":0,"numTodoTests":0,"snapshot":{"added":0,"failure":false,"filesAdded":0,"filesRemoved":0,"filesRemovedList":[],"filesUnmatched":0,"filesUpdated":0,"matched":0,"total":0,"unchecked":0,"uncheckedKeysByFile":[],"unmatched":0,"updated":0,"didUpdate":false},"startTime":1762130409491,"success":false,"testResults":[{"assertionResults":[],"startTime":1762130409491,"endTime":1762130409491,"status":"failed","message":"Transform failed with 1 error:\nC:/Users/User/NossaMaternidade/v0-nossa-maternidade-app-2/__tests__/hooks/use-data.test.ts:40:13: ERROR: Expected \">\" but found \"value\"","name":"C:/Users/User/NossaMaternidade/v0-nossa-maternidade-app-2/__tests__/hooks/use-data.test.ts"},{"assertionResults":[{"ancestorTitles":["hooks/use-mobile"],"fullName":"hooks/use-mobile deve retornar false para desktop","status":"passed","title":"deve retornar false para desktop","duration":13.279600000000073,"failureMessages":[],"meta":{}},{"ancestorTitles":["hooks/use-mobile"],"fullName":"hooks/use-mobile deve retornar true para mobile","status":"passed","title":"deve retornar true para mobile","duration":1.6429999999998017,"failureMessages":[],"meta":{}},{"ancestorTitles":["hooks/use-mobile"],"fullName":"hooks/use-mobile deve atualizar quando a largura muda","status":"failed","title":"deve atualizar quando a largura muda","duration":6.832499999999982,"failureMessages":["AssertionError: expected \"spy\" to be called at least once\n    at Proxy.<anonymous> (file:///C:/Users/User/NossaMaternidade/v0-nossa-maternidade-app-2/node_modules/@vitest/expect/dist/index.js:1335:10)\n    at Proxy.<anonymous> (file:///C:/Users/User/NossaMaternidade/v0-nossa-maternidade-app-2/node_modules/@vitest/expect/dist/index.js:1029:14)\n    at Proxy.methodWrapper (file:///C:/Users/User/NossaMaternidade/v0-nossa-maternidade-app-2/node_modules/chai/index.js:1686:25)\n    at C:\\Users\\User\\NossaMaternidade\\v0-nossa-maternidade-app-2\\__tests__\\hooks\\use-mobile.test.ts:63:33\n    at file:///C:/Users/User/NossaMaternidade/v0-nossa-maternidade-app-2/node_modules/@vitest/runner/dist/chunk-hooks.js:155:11\n    at file:///C:/Users/User/NossaMaternidade/v0-nossa-maternidade-app-2/node_modules/@vitest/runner/dist/chunk-hooks.js:752:26\n    at file:///C:/Users/User/NossaMaternidade/v0-nossa-maternidade-app-2/node_modules/@vitest/runner/dist/chunk-hooks.js:1897:20\n    at new Promise (<anonymous>)\n    at runWithTimeout (file:///C:/Users/User/NossaMaternidade/v0-nossa-maternidade-app-2/node_modules/@vitest/runner/dist/chunk-hooks.js:1863:10)\n    at runTest (file:///C:/Users/User/NossaMaternidade/v0-nossa-maternidade-app-2/node_modules/@vitest/runner/dist/chunk-hooks.js:1574:12)"],"meta":{}},{"ancestorTitles":["hooks/use-mobile"],"fullName":"hooks/use-mobile deve lidar com breakpoint exato (767px)","status":"passed","title":"deve lidar com breakpoint exato (767px)","duration":1.1438000000000557,"failureMessages":[],"meta":{}},{"ancestorTitles":["hooks/use-mobile"],"fullName":"hooks/use-mobile deve lidar com breakpoint exato (768px)","status":"passed","title":"deve lidar com breakpoint exato (768px)","duration":1.493099999999913,"failureMessages":[],"meta":{}}],"startTime":1762130410521,"endTime":1762130410545.4932,"status":"failed","message":"","name":"C:/Users/User/NossaMaternidade/v0-nossa-maternidade-app-2/__tests__/hooks/use-mobile.test.ts"},{"assertionResults":[{"ancestorTitles":["hooks/use-toast","useToast"],"fullName":"hooks/use-toast useToast deve retornar state inicial vazio","status":"passed","title":"deve retornar state inicial vazio","duration":11.55119999999988,"failureMessages":[],"meta":{}},{"ancestorTitles":["hooks/use-toast","useToast"],"fullName":"hooks/use-toast useToast deve atualizar state quando toast é adicionado","status":"passed","title":"deve atualizar state quando toast é adicionado","duration":2.526100000000042,"failureMessages":[],"meta":{}},{"ancestorTitles":["hooks/use-toast","useToast"],"fullName":"hooks/use-toast useToast deve permitir dismiss de toast","status":"passed","title":"deve permitir dismiss de toast","duration":2.6437999999998283,"failureMessages":[],"meta":{}},{"ancestorTitles":["hooks/use-toast","useToast"],"fullName":"hooks/use-toast useToast deve permitir dismiss de todos os toasts","status":"failed","title":"deve permitir dismiss de todos os toasts","duration":6.233300000000099,"failureMessages":["AssertionError: expected 1 to be 2 // Object.is equality\n    at C:\\Users\\User\\NossaMaternidade\\v0-nossa-maternidade-app-2\\__tests__\\hooks\\use-toast.test.ts:69:44\n    at file:///C:/Users/User/NossaMaternidade/v0-nossa-maternidade-app-2/node_modules/@vitest/runner/dist/chunk-hooks.js:155:11\n    at file:///C:/Users/User/NossaMaternidade/v0-nossa-maternidade-app-2/node_modules/@vitest/runner/dist/chunk-hooks.js:752:26\n    at file:///C:/Users/User/NossaMaternidade/v0-nossa-maternidade-app-2/node_modules/@vitest/runner/dist/chunk-hooks.js:1897:20\n    at new Promise (<anonymous>)\n    at runWithTimeout (file:///C:/Users/User/NossaMaternidade/v0-nossa-maternidade-app-2/node_modules/@vitest/runner/dist/chunk-hooks.js:1863:10)\n    at runTest (file:///C:/Users/User/NossaMaternidade/v0-nossa-maternidade-app-2/node_modules/@vitest/runner/dist/chunk-hooks.js:1574:12)\n    at runSuite (file:///C:/Users/User/NossaMaternidade/v0-nossa-maternidade-app-2/node_modules/@vitest/runner/dist/chunk-hooks.js:1729:8)\n    at runSuite (file:///C:/Users/User/NossaMaternidade/v0-nossa-maternidade-app-2/node_modules/@vitest/runner/dist/chunk-hooks.js:1729:8)\n    at runSuite (file:///C:/Users/User/NossaMaternidade/v0-nossa-maternidade-app-2/node_modules/@vitest/runner/dist/chunk-hooks.js:1729:8)"],"meta":{}},{"ancestorTitles":["hooks/use-toast","toast function"],"fullName":"hooks/use-toast toast function deve criar toast com id único","status":"passed","title":"deve criar toast com id único","duration":0.42049999999994725,"failureMessages":[],"meta":{}},{"ancestorTitles":["hooks/use-toast","toast function"],"fullName":"hooks/use-toast toast function deve criar toast aberto por padrão","status":"passed","title":"deve criar toast aberto por padrão","duration":1.3894999999999982,"failureMessages":[],"meta":{}},{"ancestorTitles":["hooks/use-toast","toast function"],"fullName":"hooks/use-toast toast function deve permitir atualizar toast","status":"passed","title":"deve permitir atualizar toast","duration":1.064300000000003,"failureMessages":[],"meta":{}},{"ancestorTitles":["hooks/use-toast","toast function"],"fullName":"hooks/use-toast toast function deve limitar número de toasts","status":"passed","title":"deve limitar número de toasts","duration":1.1700000000000728,"failureMessages":[],"meta":{}},{"ancestorTitles":["hooks/use-toast","toast function"],"fullName":"hooks/use-toast toast function deve permitir dismiss via função retornada","status":"passed","title":"deve permitir dismiss via função retornada","duration":1.158100000000104,"failureMessages":[],"meta":{}},{"ancestorTitles":["hooks/use-toast","toast function"],"fullName":"hooks/use-toast toast function deve chamar onOpenChange quando toast é fechado","status":"failed","title":"deve chamar onOpenChange quando toast é fechado","duration":1.9659999999998945,"failureMessages":["TypeError: Cannot read properties of null (reading 'dismiss')\n    at C:\\Users\\User\\NossaMaternidade\\v0-nossa-maternidade-app-2\\__tests__\\hooks\\use-toast.test.ts:171:24\n    at C:\\Users\\User\\NossaMaternidade\\v0-nossa-maternidade-app-2\\node_modules\\@testing-library\\react\\dist\\act-compat.js:48:24\n    at process.env.NODE_ENV.exports.act (C:\\Users\\User\\NossaMaternidade\\v0-nossa-maternidade-app-2\\node_modules\\react\\cjs\\react.development.js:814:22)\n    at C:\\Users\\User\\NossaMaternidade\\v0-nossa-maternidade-app-2\\node_modules\\@testing-library\\react\\dist\\act-compat.js:47:25\n    at C:\\Users\\User\\NossaMaternidade\\v0-nossa-maternidade-app-2\\__tests__\\hooks\\use-toast.test.ts:169:7\n    at file:///C:/Users/User/NossaMaternidade/v0-nossa-maternidade-app-2/node_modules/@vitest/runner/dist/chunk-hooks.js:155:11\n    at file:///C:/Users/User/NossaMaternidade/v0-nossa-maternidade-app-2/node_modules/@vitest/runner/dist/chunk-hooks.js:752:26\n    at file:///C:/Users/User/NossaMaternidade/v0-nossa-maternidade-app-2/node_modules/@vitest/runner/dist/chunk-hooks.js:1897:20\n    at new Promise (<anonymous>)\n    at runWithTimeout (file:///C:/Users/User/NossaMaternidade/v0-nossa-maternidade-app-2/node_modules/@vitest/runner/dist/chunk-hooks.js:1863:10)"],"meta":{}}],"startTime":1762130410521,"endTime":1762130410550.966,"status":"failed","message":"","name":"C:/Users/User/NossaMaternidade/v0-nossa-maternidade-app-2/__tests__/hooks/use-toast.test.ts"},{"assertionResults":[{"ancestorTitles":["lib/utils","cn (className merge)"],"fullName":"lib/utils cn (className merge) deve mesclar classes do clsx","status":"passed","title":"deve mesclar classes do clsx","duration":5.499499999999898,"failureMessages":[],"meta":{}},{"ancestorTitles":["lib/utils","cn (className merge)"],"fullName":"lib/utils cn (className merge) deve mesclar classes com tailwind-merge","status":"passed","title":"deve mesclar classes com tailwind-merge","duration":0.4456000000000131,"failureMessages":[],"meta":{}},{"ancestorTitles":["lib/utils","cn (className merge)"],"fullName":"lib/utils cn (className merge) deve lidar com valores condicionais","status":"passed","title":"deve lidar com valores condicionais","duration":0.22270000000003165,"failureMessages":[],"meta":{}},{"ancestorTitles":["lib/utils","cn (className merge)"],"fullName":"lib/utils cn (className merge) deve lidar com arrays","status":"passed","title":"deve lidar com arrays","duration":0.1329000000000633,"failureMessages":[],"meta":{}},{"ancestorTitles":["lib/utils","cn (className merge)"],"fullName":"lib/utils cn (className merge) deve lidar com objetos condicionais","status":"passed","title":"deve lidar com objetos condicionais","duration":0.21969999999987522,"failureMessages":[],"meta":{}},{"ancestorTitles":["lib/utils","cn (className merge)"],"fullName":"lib/utils cn (className merge) deve remover valores falsy","status":"passed","title":"deve remover valores falsy","duration":0.125,"failureMessages":[],"meta":{}},{"ancestorTitles":["lib/utils","cn (className merge)"],"fullName":"lib/utils cn (className merge) deve mesclar classes tailwind conflitantes","status":"passed","title":"deve mesclar classes tailwind conflitantes","duration":0.2437999999999647,"failureMessages":[],"meta":{}},{"ancestorTitles":["lib/utils","cn (className merge)"],"fullName":"lib/utils cn (className merge) deve lidar com strings vazias","status":"passed","title":"deve lidar com strings vazias","duration":0.15210000000001855,"failureMessages":[],"meta":{}},{"ancestorTitles":["lib/utils","cn (className merge)"],"fullName":"lib/utils cn (className merge) deve lidar com múltiplos tipos misturados","status":"passed","title":"deve lidar com múltiplos tipos misturados","duration":0.27700000000004366,"failureMessages":[],"meta":{}}],"startTime":1762130410521,"endTime":1762130410528.277,"status":"passed","message":"","name":"C:/Users/User/NossaMaternidade/v0-nossa-maternidade-app-2/__tests__/lib/utils.test.ts"},{"assertionResults":[{"ancestorTitles":["lib/validations/schemas","onboardingSchema"],"fullName":"lib/validations/schemas onboardingSchema deve validar dados de onboarding válidos","status":"passed","title":"deve validar dados de onboarding válidos","duration":1.677500000000009,"failureMessages":[],"meta":{}},{"ancestorTitles":["lib/validations/schemas","onboardingSchema"],"fullName":"lib/validations/schemas onboardingSchema deve rejeitar emotionalState inválido","status":"passed","title":"deve rejeitar emotionalState inválido","duration":0.4520999999999731,"failureMessages":[],"meta":{}},{"ancestorTitles":["lib/validations/schemas","onboardingSchema"],"fullName":"lib/validations/schemas onboardingSchema deve rejeitar babyAge fora do range","status":"passed","title":"deve rejeitar babyAge fora do range","duration":0.2699999999999818,"failureMessages":[],"meta":{}},{"ancestorTitles":["lib/validations/schemas","onboardingSchema"],"fullName":"lib/validations/schemas onboardingSchema deve usar valores padrão para arrays opcionais","status":"passed","title":"deve usar valores padrão para arrays opcionais","duration":0.5114000000000942,"failureMessages":[],"meta":{}},{"ancestorTitles":["lib/validations/schemas","chatMessageSchema"],"fullName":"lib/validations/schemas chatMessageSchema deve validar mensagem válida","status":"passed","title":"deve validar mensagem válida","duration":0.2014000000001488,"failureMessages":[],"meta":{}},{"ancestorTitles":["lib/validations/schemas","chatMessageSchema"],"fullName":"lib/validations/schemas chatMessageSchema deve rejeitar role inválido","status":"passed","title":"deve rejeitar role inválido","duration":0.2539999999999054,"failureMessages":[],"meta":{}},{"ancestorTitles":["lib/validations/schemas","chatMessageSchema"],"fullName":"lib/validations/schemas chatMessageSchema deve rejeitar conteúdo muito longo","status":"passed","title":"deve rejeitar conteúdo muito longo","duration":0.11529999999993379,"failureMessages":[],"meta":{}},{"ancestorTitles":["lib/validations/schemas","chatMessageSchema"],"fullName":"lib/validations/schemas chatMessageSchema deve rejeitar conteúdo vazio","status":"passed","title":"deve rejeitar conteúdo vazio","duration":0.14229999999997744,"failureMessages":[],"meta":{}},{"ancestorTitles":["lib/validations/schemas","chatRequestSchema"],"fullName":"lib/validations/schemas chatRequestSchema deve validar request válido","status":"passed","title":"deve validar request válido","duration":0.27159999999980755,"failureMessages":[],"meta":{}},{"ancestorTitles":["lib/validations/schemas","chatRequestSchema"],"fullName":"lib/validations/schemas chatRequestSchema deve rejeitar array vazio de mensagens","status":"passed","title":"deve rejeitar array vazio de mensagens","duration":0.13540000000011787,"failureMessages":[],"meta":{}},{"ancestorTitles":["lib/validations/schemas","chatRequestSchema"],"fullName":"lib/validations/schemas chatRequestSchema deve usar valor padrão para useEmpatheticMode","status":"passed","title":"deve usar valor padrão para useEmpatheticMode","duration":0.1309000000001106,"failureMessages":[],"meta":{}},{"ancestorTitles":["lib/validations/schemas","recipeRequestSchema"],"fullName":"lib/validations/schemas recipeRequestSchema deve validar request válido","status":"passed","title":"deve validar request válido","duration":0.08930000000009386,"failureMessages":[],"meta":{}},{"ancestorTitles":["lib/validations/schemas","recipeRequestSchema"],"fullName":"lib/validations/schemas recipeRequestSchema deve rejeitar campos vazios","status":"passed","title":"deve rejeitar campos vazios","duration":0.07970000000000255,"failureMessages":[],"meta":{}},{"ancestorTitles":["lib/validations/schemas","newsRequestSchema"],"fullName":"lib/validations/schemas newsRequestSchema deve validar categoria válida","status":"passed","title":"deve validar categoria válida","duration":0.08450000000016189,"failureMessages":[],"meta":{}},{"ancestorTitles":["lib/validations/schemas","newsRequestSchema"],"fullName":"lib/validations/schemas newsRequestSchema deve usar \"all\" como padrão","status":"passed","title":"deve usar \"all\" como padrão","duration":0.10230000000001382,"failureMessages":[],"meta":{}},{"ancestorTitles":["lib/validations/schemas","newsRequestSchema"],"fullName":"lib/validations/schemas newsRequestSchema deve rejeitar categoria inválida","status":"passed","title":"deve rejeitar categoria inválida","duration":0.08780000000001564,"failureMessages":[],"meta":{}},{"ancestorTitles":["lib/validations/schemas","gamificationActivitySchema"],"fullName":"lib/validations/schemas gamificationActivitySchema deve validar atividade válida","status":"passed","title":"deve validar atividade válida","duration":0.19820000000004256,"failureMessages":[],"meta":{}},{"ancestorTitles":["lib/validations/schemas","gamificationActivitySchema"],"fullName":"lib/validations/schemas gamificationActivitySchema deve validar sem pontos e metadata","status":"passed","title":"deve validar sem pontos e metadata","duration":0.10820000000012442,"failureMessages":[],"meta":{}},{"ancestorTitles":["lib/validations/schemas","gamificationActivitySchema"],"fullName":"lib/validations/schemas gamificationActivitySchema deve rejeitar pontos negativos","status":"passed","title":"deve rejeitar pontos negativos","duration":0.24279999999998836,"failureMessages":[],"meta":{}},{"ancestorTitles":["lib/validations/schemas","diaryEntrySchema"],"fullName":"lib/validations/schemas diaryEntrySchema deve validar entrada válida","status":"passed","title":"deve validar entrada válida","duration":0.1449999999999818,"failureMessages":[],"meta":{}},{"ancestorTitles":["lib/validations/schemas","diaryEntrySchema"],"fullName":"lib/validations/schemas diaryEntrySchema deve rejeitar título muito longo","status":"passed","title":"deve rejeitar título muito longo","duration":0.1427000000001044,"failureMessages":[],"meta":{}},{"ancestorTitles":["lib/validations/schemas","diaryEntrySchema"],"fullName":"lib/validations/schemas diaryEntrySchema deve rejeitar conteúdo muito longo","status":"passed","title":"deve rejeitar conteúdo muito longo","duration":0.12109999999984211,"failureMessages":[],"meta":{}},{"ancestorTitles":["lib/validations/schemas","communityPostSchema"],"fullName":"lib/validations/schemas communityPostSchema deve validar post válido","status":"passed","title":"deve validar post válido","duration":0.10799999999994725,"failureMessages":[],"meta":{}},{"ancestorTitles":["lib/validations/schemas","communityPostSchema"],"fullName":"lib/validations/schemas communityPostSchema deve usar false como padrão para isAnonymous","status":"passed","title":"deve usar false como padrão para isAnonymous","duration":0.10930000000007567,"failureMessages":[],"meta":{}},{"ancestorTitles":["lib/validations/schemas","postpartumScreeningSchema"],"fullName":"lib/validations/schemas postpartumScreeningSchema deve validar screening válido com exatamente 10 questões","status":"passed","title":"deve validar screening válido com exatamente 10 questões","duration":0.1854000000000724,"failureMessages":[],"meta":{}},{"ancestorTitles":["lib/validations/schemas","postpartumScreeningSchema"],"fullName":"lib/validations/schemas postpartumScreeningSchema deve rejeitar menos de 10 questões","status":"passed","title":"deve rejeitar menos de 10 questões","duration":0.17409999999995307,"failureMessages":[],"meta":{}},{"ancestorTitles":["lib/validations/schemas","postpartumScreeningSchema"],"fullName":"lib/validations/schemas postpartumScreeningSchema deve rejeitar respostas fora do range 0-3","status":"passed","title":"deve rejeitar respostas fora do range 0-3","duration":0.1777999999999338,"failureMessages":[],"meta":{}},{"ancestorTitles":["lib/validations/schemas","recommendationRequestSchema"],"fullName":"lib/validations/schemas recommendationRequestSchema deve validar request válido","status":"passed","title":"deve validar request válido","duration":0.13200000000006185,"failureMessages":[],"meta":{}},{"ancestorTitles":["lib/validations/schemas","recommendationRequestSchema"],"fullName":"lib/validations/schemas recommendationRequestSchema deve rejeitar tipo inválido","status":"passed","title":"deve rejeitar tipo inválido","duration":0.12599999999997635,"failureMessages":[],"meta":{}},{"ancestorTitles":["lib/validations/schemas","recommendationRequestSchema"],"fullName":"lib/validations/schemas recommendationRequestSchema deve rejeitar contexto muito longo","status":"passed","title":"deve rejeitar contexto muito longo","duration":0.10609999999996944,"failureMessages":[],"meta":{}}],"startTime":1762130410529,"endTime":1762130410536.132,"status":"passed","message":"","name":"C:/Users/User/NossaMaternidade/v0-nossa-maternidade-app-2/__tests__/lib/validations/schemas.test.ts"}]}